android/app/build/intermediates/manifest_merge_blame_file/debug/processDebugMainManifest/manifest-merger-blame-debug-report.txt
1<?xml version="1.0" encoding="utf-8"?>
2<manifest xmlns:android="http://schemas.android.com/apk/res/android"
3    package="com.vitty.ai"
4    android:versionCode="1"
5    android:versionName="1.0" >
6
7    <uses-sdk
8        android:minSdkVersion="24"
9        android:targetSdkVersion="35" />
10    <!--
11         The INTERNET permission is required for development. Specifically,
12         the Flutter tool needs it to communicate with the running application
13         to allow setting breakpoints, to provide hot reload, etc.
14    -->
15    <uses-permission android:name="android.permission.INTERNET" />
15-->src/main/AndroidManifest.xml:153:5-67
15-->src/main/AndroidManifest.xml:153:22-64
16    <!-- Existing permissions -->
17    <uses-permission android:name="android.permission.RECEIVE_SMS" /> <!-- SMS Auto-fill Specific Permissions -->
17-->src/main/AndroidManifest.xml:150:5-69
17-->src/main/AndroidManifest.xml:150:22-67
18    <uses-permission android:name="android.permission.RECEIVE_SMS" />
18-->src/main/AndroidManifest.xml:150:5-69
18-->src/main/AndroidManifest.xml:150:22-67
19    <uses-permission android:name="android.permission.USE_BIOMETRIC" />
19-->src/main/AndroidManifest.xml:151:5-71
19-->src/main/AndroidManifest.xml:151:22-69
20    <uses-permission android:name="android.permission.READ_SMS" />
20-->src/main/AndroidManifest.xml:152:5-66
20-->src/main/AndroidManifest.xml:152:22-64
21    <uses-permission android:name="android.permission.RECORD_AUDIO" />
21-->src/main/AndroidManifest.xml:154:5-70
21-->src/main/AndroidManifest.xml:154:22-68
22    <uses-permission android:name="android.permission.READ_EXTERNAL_STORAGE" />
22-->src/main/AndroidManifest.xml:155:5-80
22-->src/main/AndroidManifest.xml:155:22-77
23    <uses-permission android:name="android.permission.WRITE_EXTERNAL_STORAGE" />
23-->src/main/AndroidManifest.xml:156:5-81
23-->src/main/AndroidManifest.xml:156:22-78
24    <uses-permission android:name="android.permission.CAMERA" />
24-->src/main/AndroidManifest.xml:157:5-65
24-->src/main/AndroidManifest.xml:157:22-62
25    <uses-permission android:name="android.permission.MANAGE_EXTERNAL_STORAGE" />
25-->src/main/AndroidManifest.xml:158:5-159:40
25-->src/main/AndroidManifest.xml:158:22-79
26    <uses-permission android:name="android.permission.READ_PHONE_STATE" /> <!-- Existing features -->
26-->src/main/AndroidManifest.xml:163:5-74
26-->src/main/AndroidManifest.xml:163:22-72
27    <uses-feature
27-->src/main/AndroidManifest.xml:166:5-85
28        android:name="android.hardware.camera"
28-->src/main/AndroidManifest.xml:166:19-57
29        android:required="false" />
29-->src/main/AndroidManifest.xml:166:58-82
30    <uses-feature
30-->src/main/AndroidManifest.xml:167:5-95
31        android:name="android.hardware.camera.autofocus"
31-->src/main/AndroidManifest.xml:167:19-67
32        android:required="false" />
32-->src/main/AndroidManifest.xml:167:68-92
33    <uses-feature
33-->src/main/AndroidManifest.xml:168:5-170:36
34        android:name="android.hardware.telephony"
34-->src/main/AndroidManifest.xml:169:9-50
35        android:required="false" /> <!-- Existing queries -->
35-->src/main/AndroidManifest.xml:170:9-33
36    <queries>
36-->src/main/AndroidManifest.xml:219:5-224:15
37        <intent>
37-->src/main/AndroidManifest.xml:220:9-223:18
38            <action android:name="android.intent.action.PROCESS_TEXT" />
38-->src/main/AndroidManifest.xml:221:13-73
38-->src/main/AndroidManifest.xml:221:21-70
39
40            <data android:mimeType="text/plain" />
40-->src/main/AndroidManifest.xml:222:13-51
40-->src/main/AndroidManifest.xml:222:19-48
41        </intent>
42        <intent>
42-->[:file_picker] AndroidManifest.xml:8:9-12:18
43            <action android:name="android.intent.action.GET_CONTENT" />
43-->[:file_picker] AndroidManifest.xml:9:13-72
43-->[:file_picker] AndroidManifest.xml:9:21-69
44
45            <data android:mimeType="*/*" />
45-->src/main/AndroidManifest.xml:222:13-51
45-->src/main/AndroidManifest.xml:222:19-48
46        </intent>
47    </queries> <!-- suppress DeprecatedClassUsageInspection -->
48    <uses-permission android:name="android.permission.USE_FINGERPRINT" />
48-->[androidx.biometric:biometric:1.1.0] AndroidManifest.xml:27:5-74
48-->[androidx.biometric:biometric:1.1.0] AndroidManifest.xml:27:22-71
49    <uses-permission android:name="android.permission.ACCESS_NETWORK_STATE" />
49-->[com.google.firebase:firebase-auth:23.2.0] AndroidManifest.xml:26:5-79
49-->[com.google.firebase:firebase-auth:23.2.0] AndroidManifest.xml:26:22-76
50    <uses-permission android:name="android.permission.WAKE_LOCK" />
50-->[com.google.android.gms:play-services-measurement:22.4.0] AndroidManifest.xml:25:5-68
50-->[com.google.android.gms:play-services-measurement:22.4.0] AndroidManifest.xml:25:22-65
51    <uses-permission android:name="com.google.android.finsky.permission.BIND_GET_INSTALL_REFERRER_SERVICE" />
51-->[com.google.android.gms:play-services-measurement:22.4.0] AndroidManifest.xml:26:5-110
51-->[com.google.android.gms:play-services-measurement:22.4.0] AndroidManifest.xml:26:22-107
52    <uses-permission android:name="com.google.android.gms.permission.AD_ID" />
52-->[com.google.android.gms:play-services-measurement-api:22.4.0] AndroidManifest.xml:25:5-79
52-->[com.google.android.gms:play-services-measurement-api:22.4.0] AndroidManifest.xml:25:22-76
53    <uses-permission android:name="android.permission.ACCESS_ADSERVICES_ATTRIBUTION" />
53-->[com.google.android.gms:play-services-measurement-api:22.4.0] AndroidManifest.xml:26:5-88
53-->[com.google.android.gms:play-services-measurement-api:22.4.0] AndroidManifest.xml:26:22-85
54    <uses-permission android:name="android.permission.ACCESS_ADSERVICES_AD_ID" />
54-->[com.google.android.gms:play-services-measurement-api:22.4.0] AndroidManifest.xml:27:5-82
54-->[com.google.android.gms:play-services-measurement-api:22.4.0] AndroidManifest.xml:27:22-79
55    <uses-permission android:name="com.google.android.providers.gsf.permission.READ_GSERVICES" />
55-->[com.google.android.recaptcha:recaptcha:18.6.1] AndroidManifest.xml:9:5-98
55-->[com.google.android.recaptcha:recaptcha:18.6.1] AndroidManifest.xml:9:22-95
56
57    <permission
57-->[androidx.core:core:1.16.0] AndroidManifest.xml:22:5-24:47
58        android:name="com.vitty.ai.DYNAMIC_RECEIVER_NOT_EXPORTED_PERMISSION"
58-->[androidx.core:core:1.16.0] AndroidManifest.xml:23:9-81
59        android:protectionLevel="signature" />
59-->[androidx.core:core:1.16.0] AndroidManifest.xml:24:9-44
60
61    <uses-permission android:name="com.vitty.ai.DYNAMIC_RECEIVER_NOT_EXPORTED_PERMISSION" />
61-->[androidx.core:core:1.16.0] AndroidManifest.xml:26:5-97
61-->[androidx.core:core:1.16.0] AndroidManifest.xml:26:22-94
62
63    <application
64        android:name="android.app.Application"
65        android:appComponentFactory="androidx.core.app.CoreComponentFactory"
65-->[androidx.core:core:1.16.0] AndroidManifest.xml:28:18-86
66        android:debuggable="true"
67        android:extractNativeLibs="false"
68        android:icon="@mipmap/ic_launcher"
69        android:label="Vitty.ai"
70        android:requestLegacyExternalStorage="true" >
71
72        <!-- Existing activity configuration -->
73        <activity
74            android:name="com.vitty.ai.MainActivity"
75            android:configChanges="orientation|keyboardHidden|keyboard|screenSize|smallestScreenSize|locale|layoutDirection|fontScale|screenLayout|density|uiMode"
76            android:exported="true"
77            android:hardwareAccelerated="true"
78            android:launchMode="singleTop"
79            android:taskAffinity=""
80            android:theme="@style/LaunchTheme"
81            android:windowSoftInputMode="adjustResize" >
82            <meta-data
83                android:name="io.flutter.embedding.android.NormalTheme"
84                android:resource="@style/NormalTheme" />
85
86            <intent-filter>
87                <action android:name="android.intent.action.MAIN" />
88
89                <category android:name="android.intent.category.LAUNCHER" />
90            </intent-filter>
91
92            <!-- SMS Retriever API Intent Filter -->
93            <intent-filter>
94                <action android:name="com.google.android.gms.auth.api.phone.SEND" />
95            </intent-filter>
96        </activity>
97
98        <!-- Existing meta-data and providers -->
99        <meta-data
100            android:name="flutterEmbedding"
101            android:value="2" />
102
103        <provider
104            android:name="androidx.core.content.FileProvider"
105            android:authorities="com.vitty.ai.provider"
106            android:exported="false"
107            android:grantUriPermissions="true" >
108            <meta-data
108-->[:share_plus] AndroidManifest.xml:18:13-20:68
109                android:name="android.support.FILE_PROVIDER_PATHS"
109-->[:share_plus] AndroidManifest.xml:19:17-67
110                android:resource="@xml/file_path" />
110-->[:share_plus] AndroidManifest.xml:20:17-65
111        </provider>
112
113        <service
113-->[:firebase_app_check] AndroidManifest.xml:8:9-12:19
114            android:name="com.google.firebase.components.ComponentDiscoveryService"
114-->[:firebase_app_check] AndroidManifest.xml:8:18-89
115            android:directBootAware="true"
115-->[com.google.firebase:firebase-common:21.0.0] AndroidManifest.xml:32:13-43
116            android:exported="false" >
116-->[com.google.firebase:firebase-appcheck-playintegrity:18.0.0] AndroidManifest.xml:24:13-37
117            <meta-data
117-->[:firebase_app_check] AndroidManifest.xml:9:13-11:85
118                android:name="com.google.firebase.components:io.flutter.plugins.firebase.appcheck.FlutterFirebaseAppRegistrar"
118-->[:firebase_app_check] AndroidManifest.xml:10:17-127
119                android:value="com.google.firebase.components.ComponentRegistrar" />
119-->[:firebase_app_check] AndroidManifest.xml:11:17-82
120            <meta-data
120-->[:firebase_auth] AndroidManifest.xml:9:13-11:85
121                android:name="com.google.firebase.components:io.flutter.plugins.firebase.auth.FlutterFirebaseAuthRegistrar"
121-->[:firebase_auth] AndroidManifest.xml:10:17-124
122                android:value="com.google.firebase.components.ComponentRegistrar" />
122-->[:firebase_auth] AndroidManifest.xml:11:17-82
123            <meta-data
123-->[:firebase_core] AndroidManifest.xml:9:13-11:85
124                android:name="com.google.firebase.components:io.flutter.plugins.firebase.core.FlutterFirebaseCoreRegistrar"
124-->[:firebase_core] AndroidManifest.xml:10:17-124
125                android:value="com.google.firebase.components.ComponentRegistrar" />
125-->[:firebase_core] AndroidManifest.xml:11:17-82
126            <meta-data
126-->[com.google.firebase:firebase-appcheck-playintegrity:18.0.0] AndroidManifest.xml:25:13-27:85
127                android:name="com.google.firebase.components:com.google.firebase.appcheck.playintegrity.FirebaseAppCheckPlayIntegrityRegistrar"
127-->[com.google.firebase:firebase-appcheck-playintegrity:18.0.0] AndroidManifest.xml:26:17-144
128                android:value="com.google.firebase.components.ComponentRegistrar" />
128-->[com.google.firebase:firebase-appcheck-playintegrity:18.0.0] AndroidManifest.xml:27:17-82
129            <meta-data
129-->[com.google.firebase:firebase-auth:23.2.0] AndroidManifest.xml:69:13-71:85
130                android:name="com.google.firebase.components:com.google.firebase.auth.FirebaseAuthRegistrar"
130-->[com.google.firebase:firebase-auth:23.2.0] AndroidManifest.xml:70:17-109
131                android:value="com.google.firebase.components.ComponentRegistrar" />
131-->[com.google.firebase:firebase-auth:23.2.0] AndroidManifest.xml:71:17-82
132            <meta-data
132-->[com.google.android.gms:play-services-measurement-api:22.4.0] AndroidManifest.xml:33:13-35:85
133                android:name="com.google.firebase.components:com.google.firebase.analytics.connector.internal.AnalyticsConnectorRegistrar"
133-->[com.google.android.gms:play-services-measurement-api:22.4.0] AndroidManifest.xml:34:17-139
134                android:value="com.google.firebase.components.ComponentRegistrar" />
134-->[com.google.android.gms:play-services-measurement-api:22.4.0] AndroidManifest.xml:35:17-82
135            <meta-data
135-->[com.google.firebase:firebase-appcheck-safetynet:16.1.2] AndroidManifest.xml:27:13-29:85
136                android:name="com.google.firebase.components:com.google.firebase.appcheck.safetynet.FirebaseAppCheckSafetyNetRegistrar"
136-->[com.google.firebase:firebase-appcheck-safetynet:16.1.2] AndroidManifest.xml:28:17-136
137                android:value="com.google.firebase.components.ComponentRegistrar" />
137-->[com.google.firebase:firebase-appcheck-safetynet:16.1.2] AndroidManifest.xml:29:17-82
138            <meta-data
138-->[com.google.firebase:firebase-appcheck-debug:18.0.0] AndroidManifest.xml:25:13-27:85
139                android:name="com.google.firebase.components:com.google.firebase.appcheck.debug.FirebaseAppCheckDebugRegistrar"
139-->[com.google.firebase:firebase-appcheck-debug:18.0.0] AndroidManifest.xml:26:17-128
140                android:value="com.google.firebase.components.ComponentRegistrar" />
140-->[com.google.firebase:firebase-appcheck-debug:18.0.0] AndroidManifest.xml:27:17-82
141            <meta-data
141-->[com.google.firebase:firebase-appcheck:18.0.0] AndroidManifest.xml:25:13-27:85
142                android:name="com.google.firebase.components:com.google.firebase.appcheck.FirebaseAppCheckKtxRegistrar"
142-->[com.google.firebase:firebase-appcheck:18.0.0] AndroidManifest.xml:26:17-120
143                android:value="com.google.firebase.components.ComponentRegistrar" />
143-->[com.google.firebase:firebase-appcheck:18.0.0] AndroidManifest.xml:27:17-82
144            <meta-data
144-->[com.google.firebase:firebase-appcheck:18.0.0] AndroidManifest.xml:28:13-30:85
145                android:name="com.google.firebase.components:com.google.firebase.appcheck.FirebaseAppCheckRegistrar"
145-->[com.google.firebase:firebase-appcheck:18.0.0] AndroidManifest.xml:29:17-117
146                android:value="com.google.firebase.components.ComponentRegistrar" />
146-->[com.google.firebase:firebase-appcheck:18.0.0] AndroidManifest.xml:30:17-82
147            <meta-data
147-->[com.google.firebase:firebase-installations:18.0.0] AndroidManifest.xml:15:13-17:85
148                android:name="com.google.firebase.components:com.google.firebase.installations.FirebaseInstallationsKtxRegistrar"
148-->[com.google.firebase:firebase-installations:18.0.0] AndroidManifest.xml:16:17-130
149                android:value="com.google.firebase.components.ComponentRegistrar" />
149-->[com.google.firebase:firebase-installations:18.0.0] AndroidManifest.xml:17:17-82
150            <meta-data
150-->[com.google.firebase:firebase-installations:18.0.0] AndroidManifest.xml:18:13-20:85
151                android:name="com.google.firebase.components:com.google.firebase.installations.FirebaseInstallationsRegistrar"
151-->[com.google.firebase:firebase-installations:18.0.0] AndroidManifest.xml:19:17-127
152                android:value="com.google.firebase.components.ComponentRegistrar" />
152-->[com.google.firebase:firebase-installations:18.0.0] AndroidManifest.xml:20:17-82
153            <meta-data
153-->[com.google.firebase:firebase-common-ktx:21.0.0] AndroidManifest.xml:12:13-14:85
154                android:name="com.google.firebase.components:com.google.firebase.ktx.FirebaseCommonLegacyRegistrar"
154-->[com.google.firebase:firebase-common-ktx:21.0.0] AndroidManifest.xml:13:17-116
155                android:value="com.google.firebase.components.ComponentRegistrar" />
155-->[com.google.firebase:firebase-common-ktx:21.0.0] AndroidManifest.xml:14:17-82
156            <meta-data
156-->[com.google.firebase:firebase-common:21.0.0] AndroidManifest.xml:35:13-37:85
157                android:name="com.google.firebase.components:com.google.firebase.FirebaseCommonKtxRegistrar"
157-->[com.google.firebase:firebase-common:21.0.0] AndroidManifest.xml:36:17-109
158                android:value="com.google.firebase.components.ComponentRegistrar" />
158-->[com.google.firebase:firebase-common:21.0.0] AndroidManifest.xml:37:17-82
159        </service>
160        <!--
161           Declares a provider which allows us to store files to share in
162           '.../caches/share_plus' and grant the receiving action access
163        -->
164        <provider
164-->[:share_plus] AndroidManifest.xml:13:9-21:20
165            android:name="dev.fluttercommunity.plus.share.ShareFileProvider"
165-->[:share_plus] AndroidManifest.xml:14:13-77
166            android:authorities="com.vitty.ai.flutter.share_provider"
166-->[:share_plus] AndroidManifest.xml:15:13-74
167            android:exported="false"
167-->[:share_plus] AndroidManifest.xml:16:13-37
168            android:grantUriPermissions="true" >
168-->[:share_plus] AndroidManifest.xml:17:13-47
169            <meta-data
169-->[:share_plus] AndroidManifest.xml:18:13-20:68
170                android:name="android.support.FILE_PROVIDER_PATHS"
170-->[:share_plus] AndroidManifest.xml:19:17-67
171                android:resource="@xml/flutter_share_file_paths" />
171-->[:share_plus] AndroidManifest.xml:20:17-65
172        </provider>
173        <!--
174           This manifest declared broadcast receiver allows us to use an explicit
175           Intent when creating a PendingItent to be informed of the user's choice
176        -->
177        <receiver
177-->[:share_plus] AndroidManifest.xml:26:9-32:20
178            android:name="dev.fluttercommunity.plus.share.SharePlusPendingIntent"
178-->[:share_plus] AndroidManifest.xml:27:13-82
179            android:exported="false" >
179-->[:share_plus] AndroidManifest.xml:28:13-37
180            <intent-filter>
180-->[:share_plus] AndroidManifest.xml:29:13-31:29
181                <action android:name="EXTRA_CHOSEN_COMPONENT" />
181-->[:share_plus] AndroidManifest.xml:30:17-65
181-->[:share_plus] AndroidManifest.xml:30:25-62
182            </intent-filter>
183        </receiver>
184
185        <activity
185-->[:url_launcher_android] AndroidManifest.xml:8:9-11:74
186            android:name="io.flutter.plugins.urllauncher.WebViewActivity"
186-->[:url_launcher_android] AndroidManifest.xml:9:13-74
187            android:exported="false"
187-->[:url_launcher_android] AndroidManifest.xml:10:13-37
188            android:theme="@android:style/Theme.NoTitleBar.Fullscreen" />
188-->[:url_launcher_android] AndroidManifest.xml:11:13-71
189        <activity
189-->[com.google.firebase:firebase-auth:23.2.0] AndroidManifest.xml:29:9-46:20
190            android:name="com.google.firebase.auth.internal.GenericIdpActivity"
190-->[com.google.firebase:firebase-auth:23.2.0] AndroidManifest.xml:30:13-80
191            android:excludeFromRecents="true"
191-->[com.google.firebase:firebase-auth:23.2.0] AndroidManifest.xml:31:13-46
192            android:exported="true"
192-->[com.google.firebase:firebase-auth:23.2.0] AndroidManifest.xml:32:13-36
193            android:launchMode="singleTask"
193-->[com.google.firebase:firebase-auth:23.2.0] AndroidManifest.xml:33:13-44
194            android:theme="@android:style/Theme.Translucent.NoTitleBar" >
194-->[com.google.firebase:firebase-auth:23.2.0] AndroidManifest.xml:34:13-72
195            <intent-filter>
195-->[com.google.firebase:firebase-auth:23.2.0] AndroidManifest.xml:35:13-45:29
196                <action android:name="android.intent.action.VIEW" />
196-->[com.google.firebase:firebase-auth:23.2.0] AndroidManifest.xml:36:17-69
196-->[com.google.firebase:firebase-auth:23.2.0] AndroidManifest.xml:36:25-66
197
198                <category android:name="android.intent.category.DEFAULT" />
198-->[com.google.firebase:firebase-auth:23.2.0] AndroidManifest.xml:38:17-76
198-->[com.google.firebase:firebase-auth:23.2.0] AndroidManifest.xml:38:27-73
199                <category android:name="android.intent.category.BROWSABLE" />
199-->[com.google.firebase:firebase-auth:23.2.0] AndroidManifest.xml:39:17-78
199-->[com.google.firebase:firebase-auth:23.2.0] AndroidManifest.xml:39:27-75
200
201                <data
201-->src/main/AndroidManifest.xml:222:13-51
202                    android:host="firebase.auth"
203                    android:path="/"
204                    android:scheme="genericidp" />
205            </intent-filter>
206        </activity>
207        <activity
207-->[com.google.firebase:firebase-auth:23.2.0] AndroidManifest.xml:47:9-64:20
208            android:name="com.google.firebase.auth.internal.RecaptchaActivity"
208-->[com.google.firebase:firebase-auth:23.2.0] AndroidManifest.xml:48:13-79
209            android:excludeFromRecents="true"
209-->[com.google.firebase:firebase-auth:23.2.0] AndroidManifest.xml:49:13-46
210            android:exported="true"
210-->[com.google.firebase:firebase-auth:23.2.0] AndroidManifest.xml:50:13-36
211            android:launchMode="singleTask"
211-->[com.google.firebase:firebase-auth:23.2.0] AndroidManifest.xml:51:13-44
212            android:theme="@android:style/Theme.Translucent.NoTitleBar" >
212-->[com.google.firebase:firebase-auth:23.2.0] AndroidManifest.xml:52:13-72
213            <intent-filter>
213-->[com.google.firebase:firebase-auth:23.2.0] AndroidManifest.xml:53:13-63:29
214                <action android:name="android.intent.action.VIEW" />
214-->[com.google.firebase:firebase-auth:23.2.0] AndroidManifest.xml:36:17-69
214-->[com.google.firebase:firebase-auth:23.2.0] AndroidManifest.xml:36:25-66
215
216                <category android:name="android.intent.category.DEFAULT" />
216-->[com.google.firebase:firebase-auth:23.2.0] AndroidManifest.xml:38:17-76
216-->[com.google.firebase:firebase-auth:23.2.0] AndroidManifest.xml:38:27-73
217                <category android:name="android.intent.category.BROWSABLE" />
217-->[com.google.firebase:firebase-auth:23.2.0] AndroidManifest.xml:39:17-78
217-->[com.google.firebase:firebase-auth:23.2.0] AndroidManifest.xml:39:27-75
218
219                <data
219-->src/main/AndroidManifest.xml:222:13-51
220                    android:host="firebase.auth"
221                    android:path="/"
222                    android:scheme="recaptcha" />
223            </intent-filter>
224        </activity>
225
226        <service
226-->[androidx.credentials:credentials-play-services-auth:1.2.0-rc01] AndroidManifest.xml:24:9-32:19
227            android:name="androidx.credentials.playservices.CredentialProviderMetadataHolder"
227-->[androidx.credentials:credentials-play-services-auth:1.2.0-rc01] AndroidManifest.xml:25:13-94
228            android:enabled="true"
228-->[androidx.credentials:credentials-play-services-auth:1.2.0-rc01] AndroidManifest.xml:26:13-35
229            android:exported="false" >
229-->[androidx.credentials:credentials-play-services-auth:1.2.0-rc01] AndroidManifest.xml:27:13-37
230            <meta-data
230-->[androidx.credentials:credentials-play-services-auth:1.2.0-rc01] AndroidManifest.xml:29:13-31:104
231                android:name="androidx.credentials.CREDENTIAL_PROVIDER_KEY"
231-->[androidx.credentials:credentials-play-services-auth:1.2.0-rc01] AndroidManifest.xml:30:17-76
232                android:value="androidx.credentials.playservices.CredentialProviderPlayServicesImpl" />
232-->[androidx.credentials:credentials-play-services-auth:1.2.0-rc01] AndroidManifest.xml:31:17-101
233        </service>
234
235        <activity
235-->[androidx.credentials:credentials-play-services-auth:1.2.0-rc01] AndroidManifest.xml:34:9-41:20
236            android:name="androidx.credentials.playservices.HiddenActivity"
236-->[androidx.credentials:credentials-play-services-auth:1.2.0-rc01] AndroidManifest.xml:35:13-76
237            android:configChanges="orientation|screenSize|screenLayout|keyboardHidden"
237-->[androidx.credentials:credentials-play-services-auth:1.2.0-rc01] AndroidManifest.xml:36:13-87
238            android:enabled="true"
238-->[androidx.credentials:credentials-play-services-auth:1.2.0-rc01] AndroidManifest.xml:37:13-35
239            android:exported="false"
239-->[androidx.credentials:credentials-play-services-auth:1.2.0-rc01] AndroidManifest.xml:38:13-37
240            android:fitsSystemWindows="true"
240-->[androidx.credentials:credentials-play-services-auth:1.2.0-rc01] AndroidManifest.xml:39:13-45
241            android:theme="@style/Theme.Hidden" >
241-->[androidx.credentials:credentials-play-services-auth:1.2.0-rc01] AndroidManifest.xml:40:13-48
242        </activity>
243        <activity
243-->[com.google.android.gms:play-services-auth:21.2.0] AndroidManifest.xml:23:9-27:75
244            android:name="com.google.android.gms.auth.api.signin.internal.SignInHubActivity"
244-->[com.google.android.gms:play-services-auth:21.2.0] AndroidManifest.xml:24:13-93
245            android:excludeFromRecents="true"
245-->[com.google.android.gms:play-services-auth:21.2.0] AndroidManifest.xml:25:13-46
246            android:exported="false"
246-->[com.google.android.gms:play-services-auth:21.2.0] AndroidManifest.xml:26:13-37
247            android:theme="@android:style/Theme.Translucent.NoTitleBar" />
247-->[com.google.android.gms:play-services-auth:21.2.0] AndroidManifest.xml:27:13-72
248        <!--
249            Service handling Google Sign-In user revocation. For apps that do not integrate with
250            Google Sign-In, this service will never be started.
251        -->
252        <service
252-->[com.google.android.gms:play-services-auth:21.2.0] AndroidManifest.xml:33:9-37:51
253            android:name="com.google.android.gms.auth.api.signin.RevocationBoundService"
253-->[com.google.android.gms:play-services-auth:21.2.0] AndroidManifest.xml:34:13-89
254            android:exported="true"
254-->[com.google.android.gms:play-services-auth:21.2.0] AndroidManifest.xml:35:13-36
255            android:permission="com.google.android.gms.auth.api.signin.permission.REVOCATION_NOTIFICATION"
255-->[com.google.android.gms:play-services-auth:21.2.0] AndroidManifest.xml:36:13-107
256            android:visibleToInstantApps="true" />
256-->[com.google.android.gms:play-services-auth:21.2.0] AndroidManifest.xml:37:13-48
257
258        <receiver
258-->[com.google.android.gms:play-services-measurement:22.4.0] AndroidManifest.xml:29:9-33:20
259            android:name="com.google.android.gms.measurement.AppMeasurementReceiver"
259-->[com.google.android.gms:play-services-measurement:22.4.0] AndroidManifest.xml:30:13-85
260            android:enabled="true"
260-->[com.google.android.gms:play-services-measurement:22.4.0] AndroidManifest.xml:31:13-35
261            android:exported="false" >
261-->[com.google.android.gms:play-services-measurement:22.4.0] AndroidManifest.xml:32:13-37
262        </receiver>
263
264        <service
264-->[com.google.android.gms:play-services-measurement:22.4.0] AndroidManifest.xml:35:9-38:40
265            android:name="com.google.android.gms.measurement.AppMeasurementService"
265-->[com.google.android.gms:play-services-measurement:22.4.0] AndroidManifest.xml:36:13-84
266            android:enabled="true"
266-->[com.google.android.gms:play-services-measurement:22.4.0] AndroidManifest.xml:37:13-35
267            android:exported="false" />
267-->[com.google.android.gms:play-services-measurement:22.4.0] AndroidManifest.xml:38:13-37
268        <service
268-->[com.google.android.gms:play-services-measurement:22.4.0] AndroidManifest.xml:39:9-43:72
269            android:name="com.google.android.gms.measurement.AppMeasurementJobService"
269-->[com.google.android.gms:play-services-measurement:22.4.0] AndroidManifest.xml:40:13-87
270            android:enabled="true"
270-->[com.google.android.gms:play-services-measurement:22.4.0] AndroidManifest.xml:41:13-35
271            android:exported="false"
271-->[com.google.android.gms:play-services-measurement:22.4.0] AndroidManifest.xml:42:13-37
272            android:permission="android.permission.BIND_JOB_SERVICE" />
272-->[com.google.android.gms:play-services-measurement:22.4.0] AndroidManifest.xml:43:13-69
273
274        <provider
274-->[com.google.firebase:firebase-common:21.0.0] AndroidManifest.xml:23:9-28:39
275            android:name="com.google.firebase.provider.FirebaseInitProvider"
275-->[com.google.firebase:firebase-common:21.0.0] AndroidManifest.xml:24:13-77
276            android:authorities="com.vitty.ai.firebaseinitprovider"
276-->[com.google.firebase:firebase-common:21.0.0] AndroidManifest.xml:25:13-72
277            android:directBootAware="true"
277-->[com.google.firebase:firebase-common:21.0.0] AndroidManifest.xml:26:13-43
278            android:exported="false"
278-->[com.google.firebase:firebase-common:21.0.0] AndroidManifest.xml:27:13-37
279            android:initOrder="100" />
279-->[com.google.firebase:firebase-common:21.0.0] AndroidManifest.xml:28:13-36
280        <provider
280-->[androidx.lifecycle:lifecycle-process:2.7.0] AndroidManifest.xml:24:9-32:20
281            android:name="androidx.startup.InitializationProvider"
281-->[androidx.lifecycle:lifecycle-process:2.7.0] AndroidManifest.xml:25:13-67
282            android:authorities="com.vitty.ai.androidx-startup"
282-->[androidx.lifecycle:lifecycle-process:2.7.0] AndroidManifest.xml:26:13-68
283            android:exported="false" >
283-->[androidx.lifecycle:lifecycle-process:2.7.0] AndroidManifest.xml:27:13-37
284            <meta-data
284-->[androidx.lifecycle:lifecycle-process:2.7.0] AndroidManifest.xml:29:13-31:52
285                android:name="androidx.lifecycle.ProcessLifecycleInitializer"
285-->[androidx.lifecycle:lifecycle-process:2.7.0] AndroidManifest.xml:30:17-78
286                android:value="androidx.startup" />
286-->[androidx.lifecycle:lifecycle-process:2.7.0] AndroidManifest.xml:31:17-49
287            <meta-data